0 info it worked if it ends with ok
1 verbose cli [ 'C:\\Program Files\\nodejs\\node.exe',
1 verbose cli   'C:\\Program Files\\nodejs\\node_modules\\npm\\bin\\npm-cli.js',
1 verbose cli   'run',
1 verbose cli   'build:css' ]
2 info using npm@3.10.10
3 info using node@v6.11.3
4 verbose run-script [ 'prebuild:css', 'build:css', 'postbuild:css' ]
5 info lifecycle starter@1.0.0~prebuild:css: starter@1.0.0
6 silly lifecycle starter@1.0.0~prebuild:css: no script for prebuild:css, continuing
7 info lifecycle starter@1.0.0~build:css: starter@1.0.0
8 verbose lifecycle starter@1.0.0~build:css: unsafe-perm in lifecycle true
9 verbose lifecycle starter@1.0.0~build:css: PATH: C:\Users\_atolz\AppData\Roaming\nvm\v6.11.3\node_modules\npm\bin\node-gyp-bin;C:\Users\_atolz\Downloads\[FreeTutorials.Us] Udemy - Advanced CSS and Sass Flexbox, Grid, Animations and More!\advanced-css-course-master\Natours\starter\node_modules\.bin;C:\Program Files\Git\mingw64\bin;C:\Program Files\Git\usr\bin;C:\Users\_atolz\bin;C:\WINDOWS\system32;C:\WINDOWS;C:\WINDOWS\System32\Wbem;C:\WINDOWS\System32\WindowsPowerShell\v1.0;C:\WINDOWS\System32\OpenSSH;C:\Program Files\Git\cmd;C:\Users\_atolz\AppData\Roaming\nvm;C:\Program Files\nodejs;C:\Program Files\dotnet;C:\Program Files\MongoDB\Server\4.2\bin;C:\Program Files\jdk-13.0.1_windows-x64_bin\jdk-13.0.1\bin;C:\Program Files\nodejs;C:\Users\_atolz\AppData\Local\Microsoft\WindowsApps;C:\Users\_atolz\AppData\Local\Programs\Microsoft VS Code\bin;C:\Users\_atolz\AppData\Roaming\nvm;C:\Program Files\nodejs;C:\Program Files\heroku\bin;C:\Users\_atolz\AppData\Roaming\npm
10 verbose lifecycle starter@1.0.0~build:css: CWD: C:\Users\_atolz\Downloads\[FreeTutorials.Us] Udemy - Advanced CSS and Sass Flexbox, Grid, Animations and More!\advanced-css-course-master\Natours\starter
11 silly lifecycle starter@1.0.0~build:css: Args: [ '/d /s /c',
11 silly lifecycle   'npm-run-all comp:sass concat:css prefix:css compress:css' ]
12 silly lifecycle starter@1.0.0~build:css: Returned: code: 1  signal: null
13 info lifecycle starter@1.0.0~build:css: Failed to exec build:css script
14 verbose stack Error: starter@1.0.0 build:css: `npm-run-all comp:sass concat:css prefix:css compress:css`
14 verbose stack Exit status 1
14 verbose stack     at EventEmitter.<anonymous> (C:\Users\_atolz\AppData\Roaming\nvm\v6.11.3\node_modules\npm\lib\utils\lifecycle.js:255:16)
14 verbose stack     at emitTwo (events.js:106:13)
14 verbose stack     at EventEmitter.emit (events.js:191:7)
14 verbose stack     at ChildProcess.<anonymous> (C:\Users\_atolz\AppData\Roaming\nvm\v6.11.3\node_modules\npm\lib\utils\spawn.js:40:14)
14 verbose stack     at emitTwo (events.js:106:13)
14 verbose stack     at ChildProcess.emit (events.js:191:7)
14 verbose stack     at maybeClose (internal/child_process.js:920:16)
14 verbose stack     at Process.ChildProcess._handle.onexit (internal/child_process.js:230:5)
15 verbose pkgid starter@1.0.0
16 verbose cwd C:\Users\_atolz\Downloads\[FreeTutorials.Us] Udemy - Advanced CSS and Sass Flexbox, Grid, Animations and More!\advanced-css-course-master\Natours\starter
17 error Windows_NT 10.0.18363
18 error argv "C:\\Program Files\\nodejs\\node.exe" "C:\\Program Files\\nodejs\\node_modules\\npm\\bin\\npm-cli.js" "run" "build:css"
19 error node v6.11.3
20 error npm  v3.10.10
21 error code ELIFECYCLE
22 error starter@1.0.0 build:css: `npm-run-all comp:sass concat:css prefix:css compress:css`
22 error Exit status 1
23 error Failed at the starter@1.0.0 build:css script 'npm-run-all comp:sass concat:css prefix:css compress:css'.
23 error Make sure you have the latest version of node.js and npm installed.
23 error If you do, this is most likely a problem with the starter package,
23 error not with npm itself.
23 error Tell the author that this fails on your system:
23 error     npm-run-all comp:sass concat:css prefix:css compress:css
23 error You can get information on how to open an issue for this project with:
23 error     npm bugs starter
23 error Or if that isn't available, you can get their info via:
23 error     npm owner ls starter
23 error There is likely additional logging output above.
24 verbose exit [ 1, true ]
